[2017-01-13 23:19:16] php.DEBUG: Warning: fsockopen(): unable to connect to 127.0.0.1:8000 (No connection could be made because the target machine actively refused it. ) {"exception":"[object] (Symfony\\Component\\Debug\\Exception\\SilencedErrorContext: {\"severity\":2,\"file\":\"C:\\\\projects\\\\spree\\\\vendor\\\\symfony\\\\symfony\\\\src\\\\Symfony\\\\Bundle\\\\FrameworkBundle\\\\Command\\\\ServerCommand.php\",\"line\":61})"} []
[2017-01-13 23:19:24] request.INFO: Matched route "homepage". {"route":"homepage","route_parameters":{"_controller":"AppBundle\\Controller\\DefaultController::indexAction","_route":"homepage"},"request_uri":"http://localhost:8000/","method":"GET"} []
[2017-01-13 23:19:24] security.INFO: Populated the TokenStorage with an anonymous Token. [] []
[2017-01-13 23:19:25] request.INFO: Matched route "_wdt". {"route":"_wdt","route_parameters":{"_controller":"web_profiler.controller.profiler:toolbarAction","token":"ab5c48","_route":"_wdt"},"request_uri":"http://localhost:8000/_wdt/ab5c48","method":"GET"} []
[2017-02-03 21:31:57] php.DEBUG: Warning: fsockopen(): unable to connect to 127.0.0.1:8000 (No connection could be made because the target machine actively refused it. ) {"exception":"[object] (Symfony\\Component\\Debug\\Exception\\SilencedErrorContext: {\"severity\":2,\"file\":\"C:\\\\projects\\\\spree\\\\vendor\\\\symfony\\\\symfony\\\\src\\\\Symfony\\\\Bundle\\\\FrameworkBundle\\\\Command\\\\ServerCommand.php\",\"line\":61})"} []
[2017-02-03 21:32:02] request.INFO: Matched route "homepage". {"route":"homepage","route_parameters":{"_controller":"AppBundle\\Controller\\DefaultController::indexAction","_route":"homepage"},"request_uri":"http://localhost:8000/","method":"GET"} []
[2017-02-03 21:32:02] security.INFO: Populated the TokenStorage with an anonymous Token. [] []
[2017-02-03 21:32:06] request.INFO: Matched route "_wdt". {"route":"_wdt","route_parameters":{"_controller":"web_profiler.controller.profiler:toolbarAction","token":"fe21ac","_route":"_wdt"},"request_uri":"http://localhost:8000/_wdt/fe21ac","method":"GET"} []
[2017-02-03 21:34:42] request.INFO: Matched route "app_home_test". {"route":"app_home_test","route_parameters":{"_controller":"AppBundle\\Controller\\HomeController::testAction","_route":"app_home_test"},"request_uri":"http://localhost:8000/home","method":"GET"} []
[2017-02-03 21:34:43] security.INFO: Populated the TokenStorage with an anonymous Token. [] []
[2017-02-03 21:34:43] request.INFO: Matched route "_wdt". {"route":"_wdt","route_parameters":{"_controller":"web_profiler.controller.profiler:toolbarAction","token":"6eb24c","_route":"_wdt"},"request_uri":"http://localhost:8000/_wdt/6eb24c","method":"GET"} []
[2017-02-03 21:38:38] request.CRITICAL: Uncaught PHP Exception Symfony\Component\Config\Exception\FileLoaderLoadException: "[Semantical Error] The annotation "@Route" in method AppBundle\Controller\HomeController::testAction() was never imported. Did you maybe forget to add a "use" statement for this annotation? in C:\projects\spree\src\AppBundle/Controller/ (which is being imported from "C:\projects\spree\app/config\routing.yml")." at C:\projects\spree\vendor\symfony\symfony\src\Symfony\Component\Config\Loader\FileLoader.php line 118 {"exception":"[object] (Symfony\\Component\\Config\\Exception\\FileLoaderLoadException(code: 0): [Semantical Error] The annotation \"@Route\" in method AppBundle\\Controller\\HomeController::testAction() was never imported. Did you maybe forget to add a \"use\" statement for this annotation? in C:\\projects\\spree\\src\\AppBundle/Controller/ (which is being imported from \"C:\\projects\\spree\\app/config\\routing.yml\"). at C:\\projects\\spree\\vendor\\symfony\\symfony\\src\\Symfony\\Component\\Config\\Loader\\FileLoader.php:118, Doctrine\\Common\\Annotations\\AnnotationException(code: 0): [Semantical Error] The annotation \"@Route\" in method AppBundle\\Controller\\HomeController::testAction() was never imported. Did you maybe forget to add a \"use\" statement for this annotation? at C:\\projects\\spree\\vendor\\doctrine\\annotations\\lib\\Doctrine\\Common\\Annotations\\AnnotationException.php:54)"} []
[2017-02-03 21:39:01] request.INFO: Matched route "app_home_test". {"route":"app_home_test","route_parameters":{"_controller":"AppBundle\\Controller\\HomeController::testAction","_route":"app_home_test"},"request_uri":"http://localhost:8000/home","method":"GET"} []
[2017-02-03 21:39:01] security.INFO: Populated the TokenStorage with an anonymous Token. [] []
[2017-02-03 21:39:02] doctrine.DEBUG: SELECT NEXTVAL('postgres.accounts_id_seq') [] []
[2017-02-03 21:39:02] doctrine.DEBUG: "START TRANSACTION" [] []
[2017-02-03 21:39:03] doctrine.DEBUG: INSERT INTO postgres.accounts (id, username) VALUES (?, ?) {"1":1,"2":"Strange Quirks"} []
[2017-02-03 21:39:03] doctrine.DEBUG: "ROLLBACK" [] []
[2017-02-03 21:39:03] request.CRITICAL: Uncaught PHP Exception Doctrine\DBAL\Exception\NotNullConstraintViolationException: "An exception occurred while executing 'INSERT INTO postgres.accounts (id, username) VALUES (?, ?)' with params [1, "Strange Quirks"]:  SQLSTATE[23502]: Not null violation: 7 FEHLER:  NULL-Wert in Spalte »email« verletzt Not-Null-Constraint DETAIL:  Fehlgeschlagene Zeile enthält (1, Strange Quirks, , , null, , 2017-02-03 21:39:02.921446, null, 0, user, registered)." at C:\projects\spree\vendor\doctrine\dbal\lib\Doctrine\DBAL\Driver\AbstractPostgreSQLDriver.php line 57 {"exception":"[object] (Doctrine\\DBAL\\Exception\\NotNullConstraintViolationException(code: 0): An exception occurred while executing 'INSERT INTO postgres.accounts (id, username) VALUES (?, ?)' with params [1, \"Strange Quirks\"]:\n\nSQLSTATE[23502]: Not null violation: 7 FEHLER:  NULL-Wert in Spalte »email« verletzt Not-Null-Constraint\nDETAIL:  Fehlgeschlagene Zeile enthält (1, Strange Quirks, , , null, , 2017-02-03 21:39:02.921446, null, 0, user, registered). at C:\\projects\\spree\\vendor\\doctrine\\dbal\\lib\\Doctrine\\DBAL\\Driver\\AbstractPostgreSQLDriver.php:57, Doctrine\\DBAL\\Driver\\PDOException(code: 23502): SQLSTATE[23502]: Not null violation: 7 FEHLER:  NULL-Wert in Spalte »email« verletzt Not-Null-Constraint\nDETAIL:  Fehlgeschlagene Zeile enthält (1, Strange Quirks, , , null, , 2017-02-03 21:39:02.921446, null, 0, user, registered). at C:\\projects\\spree\\vendor\\doctrine\\dbal\\lib\\Doctrine\\DBAL\\Driver\\PDOStatement.php:93, PDOException(code: 23502): SQLSTATE[23502]: Not null violation: 7 FEHLER:  NULL-Wert in Spalte »email« verletzt Not-Null-Constraint\nDETAIL:  Fehlgeschlagene Zeile enthält (1, Strange Quirks, , , null, , 2017-02-03 21:39:02.921446, null, 0, user, registered). at C:\\projects\\spree\\vendor\\doctrine\\dbal\\lib\\Doctrine\\DBAL\\Driver\\PDOStatement.php:91)"} []
[2017-02-03 21:39:05] request.INFO: Matched route "_wdt". {"route":"_wdt","route_parameters":{"_controller":"web_profiler.controller.profiler:toolbarAction","token":"a635bc","_route":"_wdt"},"request_uri":"http://localhost:8000/_wdt/a635bc","method":"GET"} []
[2017-02-03 21:58:40] request.INFO: Matched route "app_home_test". {"route":"app_home_test","route_parameters":{"_controller":"AppBundle\\Controller\\HomeController::testAction","_route":"app_home_test"},"request_uri":"http://localhost:8000/home","method":"GET"} []
[2017-02-03 21:58:40] security.INFO: Populated the TokenStorage with an anonymous Token. [] []
[2017-02-03 21:58:40] doctrine.DEBUG: SELECT NEXTVAL('postgres.accounts_id_seq') [] []
[2017-02-03 21:58:41] doctrine.DEBUG: "START TRANSACTION" [] []
[2017-02-03 21:58:41] doctrine.DEBUG: INSERT INTO postgres.accounts (id, username) VALUES (?, ?) {"1":2,"2":"Strange Quirks"} []
[2017-02-03 21:58:41] doctrine.DEBUG: "ROLLBACK" [] []
[2017-02-03 21:58:41] request.CRITICAL: Uncaught PHP Exception Doctrine\DBAL\Exception\NotNullConstraintViolationException: "An exception occurred while executing 'INSERT INTO postgres.accounts (id, username) VALUES (?, ?)' with params [2, "Strange Quirks"]:  SQLSTATE[23502]: Not null violation: 7 FEHLER:  NULL-Wert in Spalte »email« verletzt Not-Null-Constraint DETAIL:  Fehlgeschlagene Zeile enthält (2, Strange Quirks, , , null, , 2017-02-03 21:58:41.087834, null, 0, user, registered)." at C:\projects\spree\vendor\doctrine\dbal\lib\Doctrine\DBAL\Driver\AbstractPostgreSQLDriver.php line 57 {"exception":"[object] (Doctrine\\DBAL\\Exception\\NotNullConstraintViolationException(code: 0): An exception occurred while executing 'INSERT INTO postgres.accounts (id, username) VALUES (?, ?)' with params [2, \"Strange Quirks\"]:\n\nSQLSTATE[23502]: Not null violation: 7 FEHLER:  NULL-Wert in Spalte »email« verletzt Not-Null-Constraint\nDETAIL:  Fehlgeschlagene Zeile enthält (2, Strange Quirks, , , null, , 2017-02-03 21:58:41.087834, null, 0, user, registered). at C:\\projects\\spree\\vendor\\doctrine\\dbal\\lib\\Doctrine\\DBAL\\Driver\\AbstractPostgreSQLDriver.php:57, Doctrine\\DBAL\\Driver\\PDOException(code: 23502): SQLSTATE[23502]: Not null violation: 7 FEHLER:  NULL-Wert in Spalte »email« verletzt Not-Null-Constraint\nDETAIL:  Fehlgeschlagene Zeile enthält (2, Strange Quirks, , , null, , 2017-02-03 21:58:41.087834, null, 0, user, registered). at C:\\projects\\spree\\vendor\\doctrine\\dbal\\lib\\Doctrine\\DBAL\\Driver\\PDOStatement.php:93, PDOException(code: 23502): SQLSTATE[23502]: Not null violation: 7 FEHLER:  NULL-Wert in Spalte »email« verletzt Not-Null-Constraint\nDETAIL:  Fehlgeschlagene Zeile enthält (2, Strange Quirks, , , null, , 2017-02-03 21:58:41.087834, null, 0, user, registered). at C:\\projects\\spree\\vendor\\doctrine\\dbal\\lib\\Doctrine\\DBAL\\Driver\\PDOStatement.php:91)"} []
[2017-02-03 21:58:42] request.INFO: Matched route "_wdt". {"route":"_wdt","route_parameters":{"_controller":"web_profiler.controller.profiler:toolbarAction","token":"6b7e7e","_route":"_wdt"},"request_uri":"http://localhost:8000/_wdt/6b7e7e","method":"GET"} []
[2017-02-03 22:04:50] request.INFO: Matched route "app_home_test". {"route":"app_home_test","route_parameters":{"_controller":"AppBundle\\Controller\\HomeController::testAction","_route":"app_home_test"},"request_uri":"http://localhost:8000/home","method":"GET"} []
[2017-02-03 22:04:50] security.INFO: Populated the TokenStorage with an anonymous Token. [] []
[2017-02-03 22:04:51] request.INFO: Matched route "_wdt". {"route":"_wdt","route_parameters":{"_controller":"web_profiler.controller.profiler:toolbarAction","token":"a0500d","_route":"_wdt"},"request_uri":"http://localhost:8000/_wdt/a0500d","method":"GET"} []
[2017-02-03 22:06:02] request.INFO: Matched route "app_home_test". {"route":"app_home_test","route_parameters":{"_controller":"AppBundle\\Controller\\HomeController::testAction","_route":"app_home_test"},"request_uri":"http://localhost:8000/home","method":"GET"} []
[2017-02-03 22:06:02] security.INFO: Populated the TokenStorage with an anonymous Token. [] []
[2017-02-03 22:06:03] request.INFO: Matched route "_wdt". {"route":"_wdt","route_parameters":{"_controller":"web_profiler.controller.profiler:toolbarAction","token":"a67b72","_route":"_wdt"},"request_uri":"http://localhost:8000/_wdt/a67b72","method":"GET"} []
[2017-02-03 22:06:31] request.INFO: Matched route "app_home_test". {"route":"app_home_test","route_parameters":{"_controller":"AppBundle\\Controller\\HomeController::testAction","_route":"app_home_test"},"request_uri":"http://localhost:8000/home","method":"GET"} []
[2017-02-03 22:06:31] security.INFO: Populated the TokenStorage with an anonymous Token. [] []
[2017-02-03 22:06:32] request.INFO: Matched route "_wdt". {"route":"_wdt","route_parameters":{"_controller":"web_profiler.controller.profiler:toolbarAction","token":"68938c","_route":"_wdt"},"request_uri":"http://localhost:8000/_wdt/68938c","method":"GET"} []
